The system is: Windows - 10.0.19045 - AMD64
Compiling the C compiler identification source file "CMakeCCompilerId.c" succeeded.
Compiler:  
Build flags: /DWIN32;/D_WINDOWS
Id flags:  

The output was:
0
MSBuild version 17.6.3+07e294721 for .NET Framework
Kompilacja rozpoczęła się 30.11.2023 13:57:43.

Projekt "H:\ProjPracInz\Impulsator2\build\CMakeFiles\3.24.0\CompilerIdC\CompilerIdC.vcxproj" w węźle 1 (domyślne elementy docelowe).
PrepareForBuild:
  Tworzenie katalogu "Debug\".
  Tworzenie katalogu "Debug\CompilerIdC.tlog\".
InitializeBuildStatus:
  Trwa tworzenie "Debug\CompilerIdC.tlog\unsuccessfulbuild", ponieważ określono "AlwaysCreate".
ClCompile:
  C:\Program Files (x86)\Microsoft Visual Studio\2022\BuildTools\VC\Tools\MSVC\14.36.32532\bin\HostX64\x64\CL.exe /c /nologo /W0 /WX- /diagnostics:column /Od /D _MBCS /Gm- /EHsc /RTC1 /MDd /GS /fp:precise /Zc:wchar_t /Zc:forScope /Zc:inline /Fo"Debug\\" /Fd"Debug\vc143.pdb" /external:W0 /Gd /TC /FC /errorReport:queue CMakeCCompilerId.c
  CMakeCCompilerId.c
Link:
  C:\Program Files (x86)\Microsoft Visual Studio\2022\BuildTools\VC\Tools\MSVC\14.36.32532\bin\HostX64\x64\link.exe /ERRORREPORT:QUEUE /OUT:".\CompilerIdC.exe" /INCREMENTAL:NO /NOLOGO kernel32.lib user32.lib gdi32.lib winspool.lib comdlg32.lib advapi32.lib shell32.lib ole32.lib oleaut32.lib uuid.lib odbc32.lib odbccp32.lib /MANIFEST /MANIFESTUAC:"level='asInvoker' uiAccess='false'" /manifest:embed /PDB:".\CompilerIdC.pdb" /SUBSYSTEM:CONSOLE /TLBID:1 /DYNAMICBASE /NXCOMPAT /IMPLIB:".\CompilerIdC.lib" /MACHINE:X64 Debug\CMakeCCompilerId.obj
  CompilerIdC.vcxproj -> H:\ProjPracInz\Impulsator2\build\CMakeFiles\3.24.0\CompilerIdC\CompilerIdC.exe
PostBuildEvent:
  for %%i in (cl.exe) do @echo CMAKE_C_COMPILER=%%~$PATH:i
  :VCEnd
  CMAKE_C_COMPILER=C:\Program Files (x86)\Microsoft Visual Studio\2022\BuildTools\VC\Tools\MSVC\14.36.32532\bin\Hostx64\x64\cl.exe
FinalizeBuildStatus:
  Usuwanie pliku "Debug\CompilerIdC.tlog\unsuccessfulbuild".
  Modyfikowanie "Debug\CompilerIdC.tlog\CompilerIdC.lastbuildstate".
Kompilowanie projektu "H:\ProjPracInz\Impulsator2\build\CMakeFiles\3.24.0\CompilerIdC\CompilerIdC.vcxproj" wykonane (domyślne elementy docelowe).

Kompilacja powiodła się.
    Ostrzeżenia: 0
    Liczba błędów: 0

Czas, który upłynął: 00:00:00.84


Compilation of the C compiler identification source "CMakeCCompilerId.c" produced "CompilerIdC.exe"

Compilation of the C compiler identification source "CMakeCCompilerId.c" produced "CompilerIdC.vcxproj"

The C compiler identification is MSVC, found in "H:/ProjPracInz/Impulsator2/build/CMakeFiles/3.24.0/CompilerIdC/CompilerIdC.exe"

Compiling the CXX compiler identification source file "CMakeCXXCompilerId.cpp" succeeded.
Compiler:  
Build flags: /DWIN32;/D_WINDOWS;/GR;/EHsc
Id flags:  

The output was:
0
MSBuild version 17.6.3+07e294721 for .NET Framework
Kompilacja rozpoczęła się 30.11.2023 13:57:44.

Projekt "H:\ProjPracInz\Impulsator2\build\CMakeFiles\3.24.0\CompilerIdCXX\CompilerIdCXX.vcxproj" w węźle 1 (domyślne elementy docelowe).
PrepareForBuild:
  Tworzenie katalogu "Debug\".
  Tworzenie katalogu "Debug\CompilerIdCXX.tlog\".
InitializeBuildStatus:
  Trwa tworzenie "Debug\CompilerIdCXX.tlog\unsuccessfulbuild", ponieważ określono "AlwaysCreate".
ClCompile:
  C:\Program Files (x86)\Microsoft Visual Studio\2022\BuildTools\VC\Tools\MSVC\14.36.32532\bin\HostX64\x64\CL.exe /c /nologo /W0 /WX- /diagnostics:column /Od /D _MBCS /Gm- /EHsc /RTC1 /MDd /GS /fp:precise /Zc:wchar_t /Zc:forScope /Zc:inline /Fo"Debug\\" /Fd"Debug\vc143.pdb" /external:W0 /Gd /TP /FC /errorReport:queue CMakeCXXCompilerId.cpp
  CMakeCXXCompilerId.cpp
Link:
  C:\Program Files (x86)\Microsoft Visual Studio\2022\BuildTools\VC\Tools\MSVC\14.36.32532\bin\HostX64\x64\link.exe /ERRORREPORT:QUEUE /OUT:".\CompilerIdCXX.exe" /INCREMENTAL:NO /NOLOGO kernel32.lib user32.lib gdi32.lib winspool.lib comdlg32.lib advapi32.lib shell32.lib ole32.lib oleaut32.lib uuid.lib odbc32.lib odbccp32.lib /MANIFEST /MANIFESTUAC:"level='asInvoker' uiAccess='false'" /manifest:embed /PDB:".\CompilerIdCXX.pdb" /SUBSYSTEM:CONSOLE /TLBID:1 /DYNAMICBASE /NXCOMPAT /IMPLIB:".\CompilerIdCXX.lib" /MACHINE:X64 Debug\CMakeCXXCompilerId.obj
  CompilerIdCXX.vcxproj -> H:\ProjPracInz\Impulsator2\build\CMakeFiles\3.24.0\CompilerIdCXX\CompilerIdCXX.exe
PostBuildEvent:
  for %%i in (cl.exe) do @echo CMAKE_CXX_COMPILER=%%~$PATH:i
  :VCEnd
  CMAKE_CXX_COMPILER=C:\Program Files (x86)\Microsoft Visual Studio\2022\BuildTools\VC\Tools\MSVC\14.36.32532\bin\Hostx64\x64\cl.exe
FinalizeBuildStatus:
  Usuwanie pliku "Debug\CompilerIdCXX.tlog\unsuccessfulbuild".
  Modyfikowanie "Debug\CompilerIdCXX.tlog\CompilerIdCXX.lastbuildstate".
Kompilowanie projektu "H:\ProjPracInz\Impulsator2\build\CMakeFiles\3.24.0\CompilerIdCXX\CompilerIdCXX.vcxproj" wykonane (domyślne elementy docelowe).

Kompilacja powiodła się.
    Ostrzeżenia: 0
    Liczba błędów: 0

Czas, który upłynął: 00:00:00.61


Compilation of the CXX compiler identification source "CMakeCXXCompilerId.cpp" produced "CompilerIdCXX.exe"

Compilation of the CXX compiler identification source "CMakeCXXCompilerId.cpp" produced "CompilerIdCXX.vcxproj"

The CXX compiler identification is MSVC, found in "H:/ProjPracInz/Impulsator2/build/CMakeFiles/3.24.0/CompilerIdCXX/CompilerIdCXX.exe"

Detecting C compiler ABI info compiled with the following output:
Change Dir: H:/ProjPracInz/Impulsator2/build/CMakeFiles/CMakeTmp

Run Build Command(s):C:/Program Files (x86)/Microsoft Visual Studio/2022/BuildTools/MSBuild/Current/Bin/amd64/MSBuild.exe cmTC_d9f46.vcxproj /p:Configuration=Debug /p:Platform=x64 /p:VisualStudioVersion=17.0 /v:m && MSBuild version 17.6.3+07e294721 for .NET Framework

  Microsoft (R) C/C++ wersja kompilatora optymalizującego 19.36.32537 dla x64
  CMakeCCompilerABI.c
  Copyright (C) Microsoft Corporation. Wszystkie prawa zastrzeżone.
  cl /c /Zi /W1 /WX- /diagnostics:column /Od /Ob0 /D _MBCS /D WIN32 /D _WINDOWS /D "CMAKE_INTDIR=\"Debug\"" /Gm- /RTC1 /MDd /GS /fp:precise /Zc:wchar_t /Zc:forScope /Zc:inline /Fo"cmTC_d9f46.dir\Debug\\" /Fd"cmTC_d9f46.dir\Debug\vc143.pdb" /external:W1 /Gd /TC /errorReport:queue "C:\Espressif\tools\cmake\3.24.0\share\cmake-3.24\Modules\CMakeCCompilerABI.c"
  cmTC_d9f46.vcxproj -> H:\ProjPracInz\Impulsator2\build\CMakeFiles\CMakeTmp\Debug\cmTC_d9f46.exe



Detecting CXX compiler ABI info compiled with the following output:
Change Dir: H:/ProjPracInz/Impulsator2/build/CMakeFiles/CMakeTmp

Run Build Command(s):C:/Program Files (x86)/Microsoft Visual Studio/2022/BuildTools/MSBuild/Current/Bin/amd64/MSBuild.exe cmTC_07014.vcxproj /p:Configuration=Debug /p:Platform=x64 /p:VisualStudioVersion=17.0 /v:m && MSBuild version 17.6.3+07e294721 for .NET Framework

  Microsoft (R) C/C++ wersja kompilatora optymalizującego 19.36.32537 dla x64
  CMakeCXXCompilerABI.cpp
  Copyright (C) Microsoft Corporation. Wszystkie prawa zastrzeżone.
  cl /c /Zi /W1 /WX- /diagnostics:column /Od /Ob0 /D _MBCS /D WIN32 /D _WINDOWS /D "CMAKE_INTDIR=\"Debug\"" /Gm- /EHsc /RTC1 /MDd /GS /fp:precise /Zc:wchar_t /Zc:forScope /Zc:inline /GR /Fo"cmTC_07014.dir\Debug\\" /Fd"cmTC_07014.dir\Debug\vc143.pdb" /external:W1 /Gd /TP /errorReport:queue "C:\Espressif\tools\cmake\3.24.0\share\cmake-3.24\Modules\CMakeCXXCompilerABI.cpp"
  cmTC_07014.vcxproj -> H:\ProjPracInz\Impulsator2\build\CMakeFiles\CMakeTmp\Debug\cmTC_07014.exe



